0 info it worked if it ends with ok
1 verbose cli [ '/usr/local/bin/node',
1 verbose cli   '/usr/local/bin/npm',
1 verbose cli   'run',
1 verbose cli   'static:build' ]
2 info using npm@3.10.10
3 info using node@v6.11.0
4 verbose run-script [ 'prestatic:build', 'static:build', 'poststatic:build' ]
5 info lifecycle danielhollcraft.com@1.0.0~prestatic:build: danielhollcraft.com@1.0.0
6 silly lifecycle danielhollcraft.com@1.0.0~prestatic:build: no script for prestatic:build, continuing
7 info lifecycle danielhollcraft.com@1.0.0~static:build: danielhollcraft.com@1.0.0
8 verbose lifecycle danielhollcraft.com@1.0.0~static:build: unsafe-perm in lifecycle true
9 verbose lifecycle danielhollcraft.com@1.0.0~static:build: PATH: /usr/local/lib/node_modules/npm/bin/node-gyp-bin:/Users/danielhollcraft/Documents/danielhollcraft.com/node_modules/.bin:/Users/danielhollcraft/.local/bin:/Users/danielhollcraft/miniconda3/bin:/anaconda/bin:/usr/local/opt/opencv3/bin:/usr/bin:/bin:/usr/sbin:/sbin:/usr/local/bin:/opt/X11/bin:/usr/local/go/bin:/Library/Frameworks/Mono.framework/Versions/Current/Commands
10 verbose lifecycle danielhollcraft.com@1.0.0~static:build: CWD: /Users/danielhollcraft/Documents/danielhollcraft.com
11 silly lifecycle danielhollcraft.com@1.0.0~static:build: Args: [ '-c', 'cd ui/src && gatsby build && cd ../..' ]
12 silly lifecycle danielhollcraft.com@1.0.0~static:build: Returned: code: 1  signal: null
13 info lifecycle danielhollcraft.com@1.0.0~static:build: Failed to exec static:build script
14 verbose stack Error: danielhollcraft.com@1.0.0 static:build: `cd ui/src && gatsby build && cd ../..`
14 verbose stack Exit status 1
14 verbose stack     at EventEmitter.<anonymous> (/usr/local/lib/node_modules/npm/lib/utils/lifecycle.js:255:16)
14 verbose stack     at emitTwo (events.js:106:13)
14 verbose stack     at EventEmitter.emit (events.js:191:7)
14 verbose stack     at ChildProcess.<anonymous> (/usr/local/lib/node_modules/npm/lib/utils/spawn.js:40:14)
14 verbose stack     at emitTwo (events.js:106:13)
14 verbose stack     at ChildProcess.emit (events.js:191:7)
14 verbose stack     at maybeClose (internal/child_process.js:891:16)
14 verbose stack     at Process.ChildProcess._handle.onexit (internal/child_process.js:226:5)
15 verbose pkgid danielhollcraft.com@1.0.0
16 verbose cwd /Users/danielhollcraft/Documents/danielhollcraft.com
17 error Darwin 16.6.0
18 error argv "/usr/local/bin/node" "/usr/local/bin/npm" "run" "static:build"
19 error node v6.11.0
20 error npm  v3.10.10
21 error code ELIFECYCLE
22 error danielhollcraft.com@1.0.0 static:build: `cd ui/src && gatsby build && cd ../..`
22 error Exit status 1
23 error Failed at the danielhollcraft.com@1.0.0 static:build script 'cd ui/src && gatsby build && cd ../..'.
23 error Make sure you have the latest version of node.js and npm installed.
23 error If you do, this is most likely a problem with the danielhollcraft.com package,
23 error not with npm itself.
23 error Tell the author that this fails on your system:
23 error     cd ui/src && gatsby build && cd ../..
23 error You can get information on how to open an issue for this project with:
23 error     npm bugs danielhollcraft.com
23 error Or if that isn't available, you can get their info via:
23 error     npm owner ls danielhollcraft.com
23 error There is likely additional logging output above.
24 verbose exit [ 1, true ]
